Build started 10/1/2010 6:36:26 PM.
     1>Project "c:\Users\Taylor\documents\visual studio 2010\Projects\Moo4\Moo4\Moo4.vcxproj" on node 2 (build target(s)).
     1>InitializeBuildStatus:
         Creating "Debug\Moo4.unsuccessfulbuild" because "AlwaysCreate" was specified.
       ClCompile:
         C:\Program Files (x86)\Microsoft Visual Studio 10.0\VC\bin\CL.exe /c /ZI /nologo /W3 /WX- /Od /Oy- /D _MBCS /Gm /EHsc /RTC1 /MDd /GS /fp:precise /Zc:wchar_t /Zc:forScope /Fo"Debug\\" /Fd"Debug\vc100.pdb" /Gd /TP /analyze- /errorReport:prompt main.cpp
         main.cpp
       Link:
         C:\Program Files (x86)\Microsoft Visual Studio 10.0\VC\bin\link.exe /ERRORREPORT:PROMPT /OUT:"c:\users\taylor\documents\visual studio 2010\Projects\Moo4\Debug\Moo4.exe" /NOLOGO kernel32.lib user32.lib gdi32.lib winspool.lib comdlg32.lib advapi32.lib shell32.lib ole32.lib oleaut32.lib uuid.lib odbc32.lib odbccp32.lib /MANIFEST /ManifestFile:"Debug\Moo4.exe.intermediate.manifest" /MANIFESTUAC:"level='asInvoker' uiAccess='false'" /DEBUG /PDB:"c:\users\taylor\documents\visual studio 2010\Projects\Moo4\Debug\Moo4.pdb" /TLBID:1 /DYNAMICBASE /NXCOMPAT /IMPLIB:"c:\users\taylor\documents\visual studio 2010\Projects\Moo4\Debug\Moo4.lib" /MACHINE:X86 Debug\Buff.obj
         Debug\Building.obj
         Debug\main.obj
         Debug\Planet.obj
         Debug\SolarSystem.obj
         LINK : c:\users\taylor\documents\visual studio 2010\Projects\Moo4\Debug\Moo4.exe not found or not built by the last incremental link; performing full link
         Moo4.vcxproj -> c:\users\taylor\documents\visual studio 2010\Projects\Moo4\Debug\Moo4.exe
       Manifest:
         C:\Program Files (x86)\Microsoft SDKs\Windows\v7.0A\bin\mt.exe /nologo /verbose /outputresource:"c:\users\taylor\documents\visual studio 2010\Projects\Moo4\Debug\Moo4.exe;#1" /manifest Debug\Moo4.exe.intermediate.manifest
       FinalizeBuildStatus:
         Deleting file "Debug\Moo4.unsuccessfulbuild".
         Touching "Debug\Moo4.lastbuildstate".
     1>Done Building Project "c:\Users\Taylor\documents\visual studio 2010\Projects\Moo4\Moo4\Moo4.vcxproj" (build target(s)).

Build succeeded.

Time Elapsed 00:00:01.28
